Case #1: 3 3
Case #2: 0 0
Case #3: 7 4
Case #4: 0 0
Case #5: 9 2
Case #6: 8 2
Case #7: 8 3
Case #8: 9 3
Case #9: 8 2
Case #10: 0 0
Case #11: 3 2
Case #12: 6 2
Case #13: 6 0
Case #14: 7 2
Case #15: 9 4
Case #16: 9 4
Case #17: 1 1
Case #18: 0 0
Case #19: 10 5
Case #20: 9 3
Case #21: 4 4
Case #22: 9 2
Case #23: 8 2
Case #24: 8 4
Case #25: 7 3
Case #26: 9 4
Case #27: 8 2
Case #28: 4 4
Case #29: 10 5
Case #30: 0 0
Case #31: 9 3
Case #32: 7 3
Case #33: 4 1
Case #34: 10 10
Case #35: 5 4
Case #36: 3 2
Case #37: 4 1
Case #38: 10 10
Case #39: 8 1
Case #40: 9 3
Case #41: 1 1
Case #42: 7 0
Case #43: 7 2
Case #44: 6 3
Case #45: 3 2
Case #46: 4 3
Case #47: 8 1
Case #48: 9 2
Case #49: 0 0
Case #50: 9 3
